<?xml version="1.0" encoding="UTF-8"?>
<!-- Generated by org.testng.reporters.JUnitXMLReporter -->
<testsuite ignored="0" hostname="AthiraKrishnan" failures="1" tests="2" name="Test1" time="13.37" errors="0" timestamp="2022-03-05T10:37:24 IST">
  <testcase classname="testCases.LandingPage" name="verifyText" time="0.045">
    <failure type="java.lang.AssertionError" message="expected [cat] but found [FEATURED COURSES]">
      <![CDATA[java.lang.AssertionError: expected [cat] but found [FEATURED COURSES]
at testCases.LandingPage.verifyText(LandingPage.java:58)
at java.base/java.util.ArrayList.forEach(ArrayList.java:1511)
... Removed 32 stack frames]]>
    </failure>
  </testcase> <!-- verifyText -->
  <testcase classname="testCases.LandingPage" name="clickoncourses" time="5.567"/>
</testsuite> <!-- Test1 -->
