<?xml version="1.0" encoding="UTF-8"?>
<!-- Generated by org.testng.reporters.JUnitXMLReporter -->
<testsuite hostname="AthiraKrishnan" ignored="0" name="Test1" tests="2" failures="1" timestamp="2022-03-04T20:43:03 IST" time="32.226" errors="0">
  <testcase name="verifyText" time="0.07" classname="testCases.LandingPage">
    <failure type="java.lang.AssertionError" message="expected [cat] but found [FEATURED COURSES]">
      <![CDATA[java.lang.AssertionError: expected [cat] but found [FEATURED COURSES]
at testCases.LandingPage.verifyText(LandingPage.java:58)
at java.util.ArrayList.forEach(ArrayList.java:1259)
... Removed 36 stack frames]]>
    </failure>
  </testcase> <!-- verifyText -->
  <testcase name="clickoncourses" time="6.006" classname="testCases.LandingPage"/>
</testsuite> <!-- Test1 -->
