<?xml version="1.0" encoding="UTF-8"?>
<testsuite xmlns:xsi="http://www.w3.org/2001/XMLSchema-instance" xsi:noNamespaceSchemaLocation="https://maven.apache.org/surefire/maven-surefire-plugin/xsd/surefire-test-report-3.0.xsd" version="3.0" name="TestSuite" time="50.387" tests="5" errors="0" skipped="0" failures="1">
  <properties>
[...]
</properties>
  <testcase name="verifyText" classname="testCases.LandingPage" time="0.371">
    <failure message="expected [cat] but found [FEATURED COURSES]" type="java.lang.AssertionError"><![CDATA[java.lang.AssertionError: expected [cat] but found [FEATURED COURSES]
	at testCases.LandingPage.verifyText(LandingPage.java:58)
]]></failure>
    <system-out><![CDATA[log4j: Threshold ="".
log4j: Level value for root is  [error].
log4j: root level set to ERROR
log4j: Class name: [org.apache.log4j.RollingFileAppender]
log4j: Setting property [append] to [false].
log4j: Setting property [maxFileSize] to [10KB].
log4j: Setting property [maxBackupIndex] to [5].
log4j: Setting property [file] to [prints.log].
log4j: Parsing layout of class: "org.apache.log4j.PatternLayout"
log4j: Setting property [conversionPattern] to [%d{yyyy-MM-dd HH:mm:ss} %-5p %c{1}:%L - %m%n].
log4j: setFile called: prints.log, false
log4j: setFile ended
log4j: Adding appender named [file] to category [root].
]]></system-out>
    <system-err><![CDATA[log4j:ERROR Parsing error on line 3 and column 52
log4j:ERROR Document root element "log4j:configuration", must match DOCTYPE root "null".
log4j:ERROR Parsing error on line 3 and column 52
log4j:ERROR Document is invalid: no grammar found.
Starting ChromeDriver 97.0.4692.71 (adefa7837d02a07a604c1e6eff0b3a09422ab88d-refs/branch-heads/4692@{#1247}) on port 16247
Only local connections are allowed.
Please see https://chromedriver.chromium.org/security-considerations for suggestions on keeping ChromeDriver safe.
ChromeDriver was started successfully.
[1646406751.674][WARNING]: This version of ChromeDriver has not been tested with Chrome version 98.
Mar 04, 2022 8:42:31 PM org.openqa.selenium.remote.ProtocolHandshake createSession
INFO: Detected dialect: W3C
]]></system-err>
  </testcase>
  <testcase name="clickoncourses" classname="testCases.LandingPage" time="6.005"/>
  <testcase name="checklogin[athira, athira364@gmail.com](1)" classname="testCases.LoginPage" time="1.092">
    <system-err><![CDATA[Starting ChromeDriver 97.0.4692.71 (adefa7837d02a07a604c1e6eff0b3a09422ab88d-refs/branch-heads/4692@{#1247}) on port 21696
Only local connections are allowed.
Please see https://chromedriver.chromium.org/security-considerations for suggestions on keeping ChromeDriver safe.
ChromeDriver was started successfully.
[1646406784.110][WARNING]: This version of ChromeDriver has not been tested with Chrome version 98.
Mar 04, 2022 8:43:04 PM org.openqa.selenium.remote.ProtocolHandshake createSession
INFO: Detected dialect: W3C
]]></system-err>
  </testcase>
  <testcase name="checklogin[anju, anjana@gmail.com](2)" classname="testCases.LoginPage" time="1.061">
    <system-err><![CDATA[Starting ChromeDriver 97.0.4692.71 (adefa7837d02a07a604c1e6eff0b3a09422ab88d-refs/branch-heads/4692@{#1247}) on port 35193
Only local connections are allowed.
Please see https://chromedriver.chromium.org/security-considerations for suggestions on keeping ChromeDriver safe.
ChromeDriver was started successfully.
[1646406788.970][WARNING]: This version of ChromeDriver has not been tested with Chrome version 98.
Mar 04, 2022 8:43:09 PM org.openqa.selenium.remote.ProtocolHandshake createSession
INFO: Detected dialect: W3C
]]></system-err>
  </testcase>
  <testcase name="clickOnRadioButton" classname="testCases.CoursesPage" time="0.281">
    <system-err><![CDATA[Starting ChromeDriver 97.0.4692.71 (adefa7837d02a07a604c1e6eff0b3a09422ab88d-refs/branch-heads/4692@{#1247}) on port 10063
Only local connections are allowed.
Please see https://chromedriver.chromium.org/security-considerations for suggestions on keeping ChromeDriver safe.
ChromeDriver was started successfully.
[1646406793.787][WARNING]: This version of ChromeDriver has not been tested with Chrome version 98.
Mar 04, 2022 8:43:13 PM org.openqa.selenium.remote.ProtocolHandshake createSession
INFO: Detected dialect: W3C
]]></system-err>
  </testcase>
</testsuite>