-------------------------------------------------------------------------------
Test set: TestSuite
-------------------------------------------------------------------------------
Tests run: 5, Failures: 1, Errors: 0, Skipped: 0, Time elapsed: 50.387 s <<< FAILURE! - in TestSuite
testCases.LandingPage.verifyText  Time elapsed: 0.371 s  <<< FAILURE!
java.lang.AssertionError: expected [cat] but found [FEATURED COURSES]
	at testCases.LandingPage.verifyText(LandingPage.java:58)

